current directory: /myapp/vender/bundle/ruby/2.7.0/gems/bootsnap-1.7.0/ext/bootsnap
/usr/local/bin/ruby -I /usr/local/lib/ruby/2.7.0 -r ./siteconf20210203-1178-2r8tin.rb extconf.rb
creating Makefile

current directory: /myapp/vender/bundle/ruby/2.7.0/gems/bootsnap-1.7.0/ext/bootsnap
make "DESTDIR=" clean

current directory: /myapp/vender/bundle/ruby/2.7.0/gems/bootsnap-1.7.0/ext/bootsnap
make "DESTDIR="
compiling bootsnap.c
bootsnap.c: In function ‘bs_cache_path’:
bootsnap.c:301:39: warning: format ‘%llx’ expects argument of type ‘long long unsigned int’, but argument 5 has type ‘uint64_t’ {aka ‘long unsigned int’} [-Wformat=]
   sprintf(*cache_path, "%s/%02x/%014llx", cachedir, first_byte, remainder);
                                 ~~~~~~^                         ~~~~~~~~~
                                 %014lx
bootsnap.c: At top level:
cc1: warning: unrecognized command line option ‘-Wno-self-assign’
cc1: warning: unrecognized command line option ‘-Wno-parentheses-equality’
cc1: warning: unrecognized command line option ‘-Wno-constant-logical-operand’
linking shared-object bootsnap/bootsnap.so

current directory: /myapp/vender/bundle/ruby/2.7.0/gems/bootsnap-1.7.0/ext/bootsnap
make "DESTDIR=" install
/usr/bin/install -c -m 0755 bootsnap.so ./.gem.20210203-1178-fjsl8m/bootsnap
